/*C12*/SET SCHEMA PUBLIC
drop table if exists airlines CASCADE 
drop table if exists flights CASCADE 
drop table if exists passenger_flight CASCADE 
drop table if exists passengers CASCADE 
create table airlines (id integer generated by default as identity (start with 1), airline varchar(50) not null, fleet_size integer not null, destinations integer not null, primary key (id))
create table flights (id integer generated by default as identity (start with 1), airline varchar(50) not null, arrival varchar(50) not null, departure varchar(50) not null, flight_number varchar(25) not null, flight_type varchar(255) not null, status boolean not null, date date not null, primary key (id))
create table passenger_flight (passenger_id integer not null, flight_id integer not null)
create table passengers (id integer generated by default as identity (start with 1), age integer not null, gender varchar(255), name varchar(100) not null, passenger_type boolean not null, primary key (id))
alter table flights add constraint UK_6bx3i9v6ikjiy0ru5ybor8t7 unique (flight_number)
alter table passenger_flight add constraint FK96moyyxohfjwsvsup17pdkp31 foreign key (flight_id) references passengers
alter table passenger_flight add constraint FKksbkdivbbdvixcilo42b3fp00 foreign key (passenger_id) references flights
INSERT INTO FLIGHTS VALUES(1,'Qantas Airlines','Sydney','Los Angeles','QF12','COMM',TRUE,'2021-10-21')
INSERT INTO PASSENGERS VALUES(1,21,'M','Johnny Thunder',TRUE)
INSERT INTO FLIGHTS VALUES(2,'Turkish Airlines','Miami','Istanbul','TK77','COMM',FALSE,'2021-10-22')
INSERT INTO PASSENGERS VALUES(2,23,'F','Anna Cooper',TRUE)
INSERT INTO FLIGHTS VALUES(3,'Private Voyages','Sydney','Honolulu','HI4506','PRIV',TRUE,'2021-10-21')
INSERT INTO PASSENGERS VALUES(3,35,'F','Padme Amidala',FALSE)
INSERT INTO FLIGHTS VALUES(4,'Air New Zealand','Sydney','Auckland','NZ6141','COMM',FALSE,'2021-10-22')
INSERT INTO PASSENGERS VALUES(4,52,'M','Kilroy Barron',FALSE)
INSERT INTO FLIGHTS VALUES(5,'Bahamas Air','Nassau','Miami','BHS224','COMM',FALSE,'2021-10-23')
INSERT INTO PASSENGERS VALUES(5,32,'M','Senor Palomar',FALSE)
INSERT INTO FLIGHTS VALUES(6,'Virgin Australia','Gold Coast','Sydney','VA526','COMM',TRUE,'2021-10-22')
INSERT INTO FLIGHTS VALUES(7,'Virgin Australia','Melbourne','Gold Coast','VA734','COMM',FALSE,'2021-10-23')
INSERT INTO FLIGHTS VALUES(8,'Private Voyages','Miami','New York','HI1204','PRIV',FALSE,'2021-10-23')
INSERT INTO PASSENGERS VALUES(6,37,'M','K\u00fcl Tigin',FALSE)
INSERT INTO FLIGHTS VALUES(9,'Iberia Airlines','Madrid','Barcelona','IB3013','COMM',TRUE,'2021-11-19')
INSERT INTO PASSENGERS VALUES(7,26,'F','Valeria Ferreira',FALSE)
INSERT INTO FLIGHTS VALUES(10,'All Nippon Airways','Tokyo','Singapore','NH802','COMM',TRUE,'2021-12-13')
INSERT INTO PASSENGERS VALUES(8,34,'F','Akane Tanaka',FALSE)
INSERT INTO PASSENGER_FLIGHT VALUES(1,1)
INSERT INTO PASSENGER_FLIGHT VALUES(2,2)
INSERT INTO PASSENGER_FLIGHT VALUES(3,3)
INSERT INTO PASSENGER_FLIGHT VALUES(4,4)
INSERT INTO PASSENGER_FLIGHT VALUES(5,5)
INSERT INTO PASSENGER_FLIGHT VALUES(6,1)
INSERT INTO PASSENGER_FLIGHT VALUES(7,1)
INSERT INTO PASSENGER_FLIGHT VALUES(8,6)
INSERT INTO PASSENGER_FLIGHT VALUES(9,7)
INSERT INTO PASSENGER_FLIGHT VALUES(10,8)
COMMIT
/*C19*/SET SCHEMA PUBLIC
DISCONNECT
/*C17*/SET SCHEMA PUBLIC
DISCONNECT
/*C21*/SET SCHEMA PUBLIC
DISCONNECT
/*C16*/SET SCHEMA PUBLIC
DISCONNECT
/*C20*/SET SCHEMA PUBLIC
DISCONNECT
/*C13*/SET SCHEMA PUBLIC
DISCONNECT
/*C15*/SET SCHEMA PUBLIC
DISCONNECT
/*C18*/SET SCHEMA PUBLIC
DISCONNECT
/*C12*/DISCONNECT
/*C14*/SET SCHEMA PUBLIC
DISCONNECT
/*C23*/SET SCHEMA PUBLIC
DISCONNECT
/*C22*/SET SCHEMA PUBLIC
DISCONNECT
/*C26*/SET SCHEMA PUBLIC
DISCONNECT
/*C24*/SET SCHEMA PUBLIC
DISCONNECT
/*C31*/SET SCHEMA PUBLIC
DISCONNECT
/*C28*/SET SCHEMA PUBLIC
DISCONNECT
/*C25*/SET SCHEMA PUBLIC
DISCONNECT
/*C27*/SET SCHEMA PUBLIC
DISCONNECT
/*C30*/SET SCHEMA PUBLIC
DISCONNECT
/*C29*/SET SCHEMA PUBLIC
DISCONNECT
/*C32*/SET SCHEMA PUBLIC
DISCONNECT
/*C33*/SET SCHEMA PUBLIC
DISCONNECT
/*C34*/SET SCHEMA PUBLIC
DISCONNECT
/*C36*/SET SCHEMA PUBLIC
DISCONNECT
/*C35*/SET SCHEMA PUBLIC
DISCONNECT
/*C39*/SET SCHEMA PUBLIC
DISCONNECT
/*C37*/SET SCHEMA PUBLIC
DISCONNECT
/*C38*/SET SCHEMA PUBLIC
DISCONNECT
/*C41*/SET SCHEMA PUBLIC
DISCONNECT
/*C40*/SET SCHEMA PUBLIC
DISCONNECT
/*C46*/SET SCHEMA PUBLIC
DISCONNECT
/*C42*/SET SCHEMA PUBLIC
DISCONNECT
/*C45*/SET SCHEMA PUBLIC
DISCONNECT
/*C48*/SET SCHEMA PUBLIC
DISCONNECT
/*C44*/SET SCHEMA PUBLIC
DISCONNECT
/*C49*/SET SCHEMA PUBLIC
DISCONNECT
/*C51*/SET SCHEMA PUBLIC
DISCONNECT
/*C50*/SET SCHEMA PUBLIC
DISCONNECT
/*C43*/SET SCHEMA PUBLIC
DISCONNECT
/*C47*/SET SCHEMA PUBLIC
DISCONNECT
/*C53*/SET SCHEMA PUBLIC
DISCONNECT
/*C52*/SET SCHEMA PUBLIC
DISCONNECT
/*C56*/SET SCHEMA PUBLIC
DISCONNECT
/*C55*/SET SCHEMA PUBLIC
DISCONNECT
/*C54*/SET SCHEMA PUBLIC
DISCONNECT
/*C59*/SET SCHEMA PUBLIC
DISCONNECT
/*C58*/SET SCHEMA PUBLIC
DISCONNECT
/*C57*/SET SCHEMA PUBLIC
DISCONNECT
/*C61*/SET SCHEMA PUBLIC
DISCONNECT
/*C60*/SET SCHEMA PUBLIC
DISCONNECT
/*C62*/SET SCHEMA PUBLIC
drop table if exists airlines CASCADE 
drop table if exists flights CASCADE 
drop table if exists passenger_flight CASCADE 
drop table if exists passengers CASCADE 
DISCONNECT
/*C63*/SET SCHEMA PUBLIC
DISCONNECT
/*C64*/SET SCHEMA PUBLIC
DISCONNECT
/*C65*/SET SCHEMA PUBLIC
DISCONNECT
/*C66*/SET SCHEMA PUBLIC
DISCONNECT
/*C67*/SET SCHEMA PUBLIC
DISCONNECT
/*C68*/SET SCHEMA PUBLIC
DISCONNECT
/*C69*/SET SCHEMA PUBLIC
DISCONNECT
/*C70*/SET SCHEMA PUBLIC
DISCONNECT
/*C71*/SET SCHEMA PUBLIC
DISCONNECT
